<?xml version="1.0" encoding="UTF-8"?>
<!-- Generated by org.testng.reporters.JUnitReportReporter -->
<testsuite hostname="DESKTOP-76N1JL0" failures="0" tests="1" name="jenkin.webdriver.NewTest01" time="0.034" errors="0" timestamp="2021-11-23T12:42:35 IST" skipped="0">
  <testcase classname="jenkin.webdriver.NewTest01" name="Test01" time="0.034"/>
  <system-out/>
</testsuite> <!-- jenkin.webdriver.NewTest01 -->
